SGSIM Realizations
    1   10   10    1
value
     -0.3492
     -0.1127
     -1.1858
     -0.1501
      0.1045
     -0.4416
     -1.3756
     -0.7905
     -0.3567
     -1.3586
     -1.0757
     -0.2112
     -0.9972
     -0.5374
     -0.6452
     -1.1358
     -0.1812
     -0.9065
     -0.8196
     -1.9556
     -0.2324
     -1.1334
     -1.1237
     -1.0765
     -0.8751
     -0.7061
     -0.1169
      0.9905
      0.4855
     -0.4157
      0.0504
     -0.4470
     -0.6136
      0.1643
      0.0040
     -0.8352
      0.4727
      1.7011
      1.7550
      0.7270
     -0.7565
      0.3212
      0.0082
     -0.3123
      0.3124
      0.8679
      1.5744
      1.5757
      1.7487
      1.5408
      1.6209
      0.8588
      0.3879
     -0.3067
      0.4565
     -0.2909
      0.1691
      0.7880
      0.6158
      0.5727
      1.7328
      1.3590
     -0.4219
     -0.1947
      0.5498
      1.1919
     -0.9191
     -1.1091
      0.0984
     -0.7558
     -0.1337
      0.4920
      0.5939
      0.8343
      1.1644
      2.6956
      1.2721
     -0.8298
     -0.3058
     -0.2421
      0.1265
      0.4210
     -0.0176
      1.1707
      1.5364
      2.2186
      1.4512
      0.2216
     -0.5548
     -0.3960
      0.6800
      0.0267
     -0.4384
      1.0743
      1.2352
      1.1835
      1.2263
      0.4492
      1.0282
      0.5007
